<?xml version="1.0" encoding="UTF-8"?>
<!-- Generated by org.testng.reporters.JUnitReportReporter -->
<testsuite hostname="DESKTOP-UG71NEM" failures="0" tests="4" name="api.testCases.userTest" time="21.795" errors="0" timestamp="2023-10-01T07:55:14 IST" skipped="0">
  <testcase classname="api.testCases.userTest" name="testCreateUser" time="10.989"/>
  <system-out/>
  <testcase classname="api.testCases.userTest" name="testGetUserData" time="2.672"/>
  <system-out/>
  <testcase classname="api.testCases.userTest" name="testUpdateUserData" time="5.946"/>
  <system-out/>
  <testcase classname="api.testCases.userTest" name="testDeleteUserData" time="2.188"/>
  <system-out/>
</testsuite> <!-- api.testCases.userTest -->
