<?xml version="1.0" encoding="UTF-8"?>
<!-- Generated by org.testng.reporters.JUnitReportReporter -->
<testsuite hostname="DESKTOP-UG71NEM" failures="0" tests="4" name="api.testCases.userTest2" time="17.798" errors="0" timestamp="2023-10-01T08:19:56 IST" skipped="0">
  <testcase classname="api.testCases.userTest2" name="testCreateUser" time="7.584"/>
  <system-out/>
  <testcase classname="api.testCases.userTest2" name="testGetUserData" time="2.281"/>
  <system-out/>
  <testcase classname="api.testCases.userTest2" name="testUpdateUserData" time="5.057"/>
  <system-out/>
  <testcase classname="api.testCases.userTest2" name="testDeleteUserData" time="2.876"/>
  <system-out/>
</testsuite> <!-- api.testCases.userTest2 -->
