<?xml version="1.0" encoding="UTF-8"?>
<!-- Generated by org.testng.reporters.JUnitReportReporter -->
<testsuite hostname="DESKTOP-UG71NEM" failures="0" tests="4" name="api.testCases.userTest" time="16.430" errors="0" timestamp="2023-10-01T08:34:21 IST" skipped="0">
  <testcase classname="api.testCases.userTest" name="testCreateUser" time="7.985"/>
  <system-out/>
  <testcase classname="api.testCases.userTest" name="testGetUserData" time="2.328"/>
  <system-out/>
  <testcase classname="api.testCases.userTest" name="testUpdateUserData" time="4.016"/>
  <system-out/>
  <testcase classname="api.testCases.userTest" name="testDeleteUserData" time="2.101"/>
  <system-out/>
</testsuite> <!-- api.testCases.userTest -->
